#
# There is insufficient memory for the Java Runtime Environment to continue.
# Native memory allocation (malloc) failed to allocate 1319936 bytes for Chunk::new
# Possible reasons:
#   The system is out of physical RAM or swap space
#   In 32 bit mode, the process size limit was hit
# Possible solutions:
#   Reduce memory load on the system
#   Increase physical memory or swap space
#   Check if swap backing store is full
#   Use 64 bit Java on a 64 bit OS
#   Decrease Java heap size (-Xmx/-Xms)
#   Decrease number of Java threads
#   Decrease Java thread stack sizes (-Xss)
#   Set larger code cache with -XX:ReservedCodeCacheSize=
# This output file may be truncated or incomplete.
#
#  Out of Memory Error (allocation.cpp:390), pid=7784, tid=0x0000000000002c6c
#
# JRE version: OpenJDK Runtime Environment (8.0_152-b01) (build 1.8.0_152-release-915-b01)
# Java VM: OpenJDK 64-Bit Server VM (25.152-b01 mixed mode windows-amd64 compressed oops)
# Failed to write core dump. Minidumps are not enabled by default on client versions of Windows
#

---------------  T H R E A D  ---------------

Current thread (0x0000000016cca800):  JavaThread "C2 CompilerThread0" daemon [_thread_in_native, id=11372, stack(0x0000000018310000,0x0000000018410000)]

Stack: [0x0000000018310000,0x0000000018410000]
[error occurred during error reporting (printing stack bounds), id 0xc0000005]

Native frames: (J=compiled Java code, j=interpreted, Vv=VM code, C=native code)


Current CompileTask:
C2:3369964 15396   !   4       org.gradle.api.internal.AbstractClassGenerator::generateUnderLock (1075 bytes)


---------------  P R O C E S S  ---------------

Java Threads: ( => current thread )
  0x000000001980e000 JavaThread "Cache worker for Artifact transforms cache (C:\Users\Admin\.gradle\caches\transforms-1)" [_thread_blocked, id=13184, stack(0x00000000290e0000,0x00000000291e0000)]
  0x000000001980c800 JavaThread "Cache worker for file hash cache (C:\Users\Admin\Desktop\des projets\KotlinUdemyDemo-master\Android\AppAndroidWithKotlin\Calculator\MyAppStartup\.gradle\4.1\fileHashes)" [_thread_blocked, id=3328, stack(0x0000000028fe0000,0x00000000290e0000)]
  0x0000000019805000 JavaThread "Stdin handler" [_thread_blocked, id=2940, stack(0x0000000028ee0000,0x0000000028fe0000)]
  0x000000001980c000 JavaThread "Asynchronous log dispatcher for DefaultDaemonConnection: socket connection from /127.0.0.1:2655 to /127.0.0.1:3812" [_thread_blocked, id=3572, stack(0x0000000028de0000,0x0000000028ee0000)]
  0x0000000019806000 JavaThread "Daemon worker Thread 3" [_thread_in_native, id=13012, stack(0x0000000028ce0000,0x0000000028de0000)]
  0x0000000019804800 JavaThread "Cancel handler" [_thread_blocked, id=3504, stack(0x0000000028be0000,0x0000000028ce0000)]
  0x000000001980a800 JavaThread "Handler for socket connection from /127.0.0.1:2655 to /127.0.0.1:3812" [_thread_in_native, id=10856, stack(0x0000000028ae0000,0x0000000028be0000)]
  0x0000000019809800 JavaThread "Daemon Thread 3" [_thread_blocked, id=12960, stack(0x00000000289e0000,0x0000000028ae0000)]
  0x0000000019809000 JavaThread "RMI Reaper" [_thread_blocked, id=2736, stack(0x0000000026fe0000,0x00000000270e0000)]
  0x0000000019806800 JavaThread "RMI TCP Accept-0" daemon [_thread_in_native, id=10784, stack(0x0000000026ee0000,0x0000000026fe0000)]
  0x0000000019807800 JavaThread "GC Daemon" daemon [_thread_blocked, id=8668, stack(0x0000000026de0000,0x0000000026ee0000)]
  0x000000001cdbd800 JavaThread "RMI Scheduler(0)" daemon [_thread_blocked, id=12304, stack(0x0000000026be0000,0x0000000026ce0000)]
  0x000000001cdb6800 JavaThread "Memory manager" [_thread_blocked, id=3188, stack(0x0000000021520000,0x0000000021620000)]
  0x000000001cdb6000 JavaThread "pool-1-thread-1" [_thread_blocked, id=1140, stack(0x0000000021220000,0x0000000021320000)]
  0x0000000019405800 JavaThread "File lock request listener" [_thread_in_native, id=980, stack(0x000000001c730000,0x000000001c830000)]
  0x0000000019187800 JavaThread "Cache worker for file hash cache (C:\Users\Admin\.gradle\caches\4.1\fileHashes)" [_thread_blocked, id=1412, stack(0x000000001b660000,0x000000001b760000)]
  0x0000000019980000 JavaThread "Daemon periodic checks" [_thread_blocked, id=9948, stack(0x000000001ab60000,0x000000001ac60000)]
  0x0000000019831000 JavaThread "Incoming local TCP Connector on port 2655" [_thread_in_native, id=9752, stack(0x000000001a920000,0x000000001aa20000)]
  0x0000000016d2d000 JavaThread "Service Thread" daemon [_thread_blocked, id=7404, stack(0x0000000018a10000,0x0000000018b10000)]
  0x0000000016cd1000 JavaThread "C1 CompilerThread2" daemon [_thread_blocked, id=6676, stack(0x0000000018510000,0x0000000018610000)]
  0x0000000016ccd800 JavaThread "C2 CompilerThread1" daemon [_thread_in_native, id=5064, stack(0x0000000018410000,0x0000000018510000)]
=>0x0000000016cca800 JavaThread "C2 CompilerThread0" daemon [_thread_in_native, id=11372, stack(0x0000000018310000,0x0000000018410000)]
  0x0000000016cd7800 JavaThread "Attach Listener" daemon [_thread_blocked, id=2144, stack(0x0000000018210000,0x0000000018310000)]
  0x0000000016cd6000 JavaThread "Signal Dispatcher" daemon [_thread_blocked, id=2080, stack(0x0000000018110000,0x0000000018210000)]
  0x000000000335c800 JavaThread "Finalizer" daemon [_thread_blocked, id=5888, stack(0x0000000017f20000,0x0000000018020000)]
  0x0000000003351800 JavaThread "Reference Handler" daemon [_thread_blocked, id=10968, stack(0x0000000017e20000,0x0000000017f20000)]
  0x0000000003262800 JavaThread "main" [_thread_blocked, id=7020, stack(0x0000000003160000,0x0000000003260000)]

Other Threads:
  0x0000000016c95000 VMThread [stack: 0x0000000017d20000,0x0000000017e20000] [id=10912]
  0x0000000018634000 WatcherThread [stack: 0x0000000018b10000,0x0000000018c10000] [id=2956]

VM state:not at safepoint (normal execution)

VM Mutex/Monitor currently owned by a thread: None

Heap:
 PSYoungGen      total 237568K, used 156075K [0x00000000e0000000, 0x00000000f3180000, 0x0000000100000000)
  eden space 206336K, 72% used [0x00000000e0000000,0x00000000e928de48,0x00000000ec980000)
  from space 31232K, 19% used [0x00000000ec980000,0x00000000ecf5cf80,0x00000000ee800000)
  to   space 31232K, 0% used [0x00000000f1300000,0x00000000f1300000,0x00000000f3180000)
 ParOldGen       total 105472K, used 66343K [0x00000000a0000000, 0x00000000a6700000, 0x00000000e0000000)
  object space 105472K, 62% used [0x00000000a0000000,0x00000000a40c9fc0,0x00000000a6700000)
 Metaspace       used 84928K, capacity 89196K, committed 89432K, reserved 1126400K
  class space    used 11127K, capacity 12126K, committed 12160K, reserved 1048576K

Card table byte_map: [0x0000000012720000,0x0000000012a30000] byte_map_base: 0x0000000012220000

Marking Bits: (ParMarkBitMap*) 0x00000000696d3950
 Begin Bits: [0x0000000013030000, 0x0000000014830000)
 End Bits:   [0x0000000014830000, 0x0000000016030000)

Polling page: 0x0000000001790000

CodeCache: size=245760Kb used=42118Kb max_used=42139Kb free=203641Kb
 bounds [0x0000000003360000, 0x0000000005cf0000, 0x0000000012360000]
 total_blobs=13488 nmethods=12595 adapters=804
 compilation: enabled

Compilation events (10 events):
Event: 3368.533 Thread 0x0000000016cd1000 15483       3       org.gradle.api.internal.artifacts.ivyservice.ivyresolve.ResolveIvyFactory$ParentModuleLookupResolver::resolveArtifactsWithType (16 bytes)
Event: 3368.535 Thread 0x0000000016cd1000 nmethod 15483 0x0000000005c36a50 code [0x0000000005c36bc0, 0x0000000005c36d88]
Event: 3368.535 Thread 0x0000000016cd1000 15484       3       org.gradle.api.internal.artifacts.ivyservice.ivyresolve.ResolveIvyFactory$ParentModuleLookupResolver::resolveArtifact (16 bytes)
Event: 3368.535 Thread 0x0000000016cd1000 nmethod 15484 0x00000000059269d0 code [0x0000000005926b40, 0x0000000005926d08]
Event: 3368.571 Thread 0x0000000016ccd800 nmethod 15437 0x0000000005cdab10 code [0x0000000005cdae40, 0x0000000005cded28]
Event: 3368.571 Thread 0x0000000016ccd800 15478       4       sun.nio.cs.UTF_8$Decoder::decodeArrayLoop (691 bytes)
Event: 3368.641 Thread 0x0000000016ccd800 nmethod 15478 0x0000000005cd7990 code [0x0000000005cd7b60, 0x0000000005cd8d78]
Event: 3368.641 Thread 0x0000000016ccd800 15426 %     4       java.net.URI::decode @ 80 (370 bytes)
Event: 3368.744 Thread 0x0000000016cd1000 15485       3       java.util.Arrays$ArrayList::indexOf (62 bytes)
Event: 3368.745 Thread 0x0000000016cd1000 nmethod 15485 0x0000000005491250 code [0x00000000054913e0, 0x0000000005491888]

GC Heap History (10 events):
Event: 2962.967 GC heap before
{Heap before GC invocations=18 (full 3):
 PSYoungGen      total 198144K, used 197897K [0x00000000e0000000, 0x00000000ee980000, 0x0000000100000000)
  eden space 184320K, 100% used [0x00000000e0000000,0x00000000eb400000,0x00000000eb400000)
  from space 13824K, 98% used [0x00000000edc00000,0x00000000ee9426f8,0x00000000ee980000)
  to   space 24576K, 0% used [0x00000000eb980000,0x00000000eb980000,0x00000000ed180000)
 ParOldGen       total 105472K, used 47281K [0x00000000a0000000, 0x00000000a6700000, 0x00000000e0000000)
  object space 105472K, 44% used [0x00000000a0000000,0x00000000a2e2c598,0x00000000a6700000)
 Metaspace       used 69191K, capacity 72572K, committed 72792K, reserved 1112064K
  class space    used 9217K, capacity 10011K, committed 10112K, reserved 1048576K
Event: 2963.851 GC heap after
Heap after GC invocations=18 (full 3):
 PSYoungGen      total 189952K, used 12429K [0x00000000e0000000, 0x00000000edc80000, 0x0000000100000000)
  eden space 177152K, 0% used [0x00000000e0000000,0x00000000e0000000,0x00000000ead00000)
  from space 12800K, 97% used [0x00000000eb980000,0x00000000ec5a36b8,0x00000000ec600000)
  to   space 23040K, 0% used [0x00000000ec600000,0x00000000ec600000,0x00000000edc80000)
 ParOldGen       total 105472K, used 47289K [0x00000000a0000000, 0x00000000a6700000, 0x00000000e0000000)
  object space 105472K, 44% used [0x00000000a0000000,0x00000000a2e2e598,0x00000000a6700000)
 Metaspace       used 69191K, capacity 72572K, committed 72792K, reserved 1112064K
  class space    used 9217K, capacity 10011K, committed 10112K, reserved 1048576K
}
Event: 3027.329 GC heap before
{Heap before GC invocations=19 (full 3):
 PSYoungGen      total 189952K, used 189418K [0x00000000e0000000, 0x00000000edc80000, 0x0000000100000000)
  eden space 177152K, 99% used [0x00000000e0000000,0x00000000eacd71a0,0x00000000ead00000)
  from space 12800K, 97% used [0x00000000eb980000,0x00000000ec5a36b8,0x00000000ec600000)
  to   space 23040K, 0% used [0x00000000ec600000,0x00000000ec600000,0x00000000edc80000)
 ParOldGen       total 105472K, used 47289K [0x00000000a0000000, 0x00000000a6700000, 0x00000000e0000000)
  object space 105472K, 44% used [0x00000000a0000000,0x00000000a2e2e598,0x00000000a6700000)
 Metaspace       used 76694K, capacity 80316K, committed 80472K, reserved 1118208K
  class space    used 10184K, capacity 11051K, committed 11136K, reserved 1048576K
Event: 3027.436 GC heap after
Heap after GC invocations=19 (full 3):
 PSYoungGen      total 192000K, used 21387K [0x00000000e0000000, 0x00000000edb00000, 0x0000000100000000)
  eden space 170496K, 0% used [0x00000000e0000000,0x00000000e0000000,0x00000000ea680000)
  from space 21504K, 99% used [0x00000000ec600000,0x00000000edae2fe0,0x00000000edb00000)
  to   space 26112K, 0% used [0x00000000ea800000,0x00000000ea800000,0x00000000ec180000)
 ParOldGen       total 105472K, used 47297K [0x00000000a0000000, 0x00000000a6700000, 0x00000000e0000000)
  object space 105472K, 44% used [0x00000000a0000000,0x00000000a2e30598,0x00000000a6700000)
 Metaspace       used 76694K, capacity 80316K, committed 80472K, reserved 1118208K
  class space    used 10184K, capacity 11051K, committed 11136K, reserved 1048576K
}
Event: 3031.525 GC heap before
{Heap before GC invocations=20 (full 3):
 PSYoungGen      total 192000K, used 191181K [0x00000000e0000000, 0x00000000edb00000, 0x0000000100000000)
  eden space 170496K, 99% used [0x00000000e0000000,0x00000000ea5d0768,0x00000000ea680000)
  from space 21504K, 99% used [0x00000000ec600000,0x00000000edae2fe0,0x00000000edb00000)
  to   space 26112K, 0% used [0x00000000ea800000,0x00000000ea800000,0x00000000ec180000)
 ParOldGen       total 105472K, used 47297K [0x00000000a0000000, 0x00000000a6700000, 0x00000000e0000000)
  object space 105472K, 44% used [0x00000000a0000000,0x00000000a2e30598,0x00000000a6700000)
 Metaspace       used 78394K, capacity 82140K, committed 82264K, reserved 1120256K
  class space    used 10377K, capacity 11271K, committed 11392K, reserved 1048576K
Event: 3031.876 GC heap after
Heap after GC invocations=20 (full 3):
 PSYoungGen      total 198144K, used 20382K [0x00000000e0000000, 0x00000000f0380000, 0x0000000100000000)
  eden space 172032K, 0% used [0x00000000e0000000,0x00000000e0000000,0x00000000ea800000)
  from space 26112K, 78% used [0x00000000ea800000,0x00000000ebbe78a0,0x00000000ec180000)
  to   space 28160K, 0% used [0x00000000ee800000,0x00000000ee800000,0x00000000f0380000)
 ParOldGen       total 105472K, used 47305K [0x00000000a0000000, 0x00000000a6700000, 0x00000000e0000000)
  object space 105472K, 44% used [0x00000000a0000000,0x00000000a2e32598,0x00000000a6700000)
 Metaspace       used 78394K, capacity 82140K, committed 82264K, reserved 1120256K
  class space    used 10377K, capacity 11271K, committed 11392K, reserved 1048576K
}
Event: 3040.549 GC heap before
{Heap before GC invocations=21 (full 3):
 PSYoungGen      total 198144K, used 192414K [0x00000000e0000000, 0x00000000f0380000, 0x0000000100000000)
  eden space 172032K, 100% used [0x00000000e0000000,0x00000000ea800000,0x00000000ea800000)
  from space 26112K, 78% used [0x00000000ea800000,0x00000000ebbe78a0,0x00000000ec180000)
  to   space 28160K, 0% used [0x00000000ee800000,0x00000000ee800000,0x00000000f0380000)
 ParOldGen       total 105472K, used 47305K [0x00000000a0000000, 0x00000000a6700000, 0x00000000e0000000)
  object space 105472K, 44% used [0x00000000a0000000,0x00000000a2e32598,0x00000000a6700000)
 Metaspace       used 82069K, capacity 86118K, committed 86232K, reserved 1124352K
  class space    used 10750K, capacity 11686K, committed 11776K, reserved 1048576K
Event: 3040.853 GC heap after
Heap after GC invocations=21 (full 3):
 PSYoungGen      total 234496K, used 25691K [0x00000000e0000000, 0x00000000f0c00000, 0x0000000100000000)
  eden space 206336K, 0% used [0x00000000e0000000,0x00000000e0000000,0x00000000ec980000)
  from space 28160K, 91% used [0x00000000ee800000,0x00000000f0116d70,0x00000000f0380000)
  to   space 31232K, 0% used [0x00000000ec980000,0x00000000ec980000,0x00000000ee800000)
 ParOldGen       total 105472K, used 55465K [0x00000000a0000000, 0x00000000a6700000, 0x00000000e0000000)
  object space 105472K, 52% used [0x00000000a0000000,0x00000000a362a4e0,0x00000000a6700000)
 Metaspace       used 82069K, capacity 86118K, committed 86232K, reserved 1124352K
  class space    used 10750K, capacity 11686K, committed 11776K, reserved 1048576K
}
Event: 3047.133 GC heap before
{Heap before GC invocations=22 (full 3):
 PSYoungGen      total 234496K, used 231598K [0x00000000e0000000, 0x00000000f0c00000, 0x0000000100000000)
  eden space 206336K, 99% used [0x00000000e0000000,0x00000000ec914da0,0x00000000ec980000)
  from space 28160K, 91% used [0x00000000ee800000,0x00000000f0116d70,0x00000000f0380000)
  to   space 31232K, 0% used [0x00000000ec980000,0x00000000ec980000,0x00000000ee800000)
 ParOldGen       total 105472K, used 55465K [0x00000000a0000000, 0x00000000a6700000, 0x00000000e0000000)
  object space 105472K, 52% used [0x00000000a0000000,0x00000000a362a4e0,0x00000000a6700000)
 Metaspace       used 83815K, capacity 87876K, committed 88152K, reserved 1126400K
  class space    used 10960K, capacity 11881K, committed 11904K, reserved 1048576K
Event: 3047.184 GC heap after
Heap after GC invocations=22 (full 3):
 PSYoungGen      total 237568K, used 6003K [0x00000000e0000000, 0x00000000f3180000, 0x0000000100000000)
  eden space 206336K, 0% used [0x00000000e0000000,0x00000000e0000000,0x00000000ec980000)
  from space 31232K, 19% used [0x00000000ec980000,0x00000000ecf5cf80,0x00000000ee800000)
  to   space 31232K, 0% used [0x00000000f1300000,0x00000000f1300000,0x00000000f3180000)
 ParOldGen       total 105472K, used 66343K [0x00000000a0000000, 0x00000000a6700000, 0x00000000e0000000)
  object space 105472K, 62% used [0x00000000a0000000,0x00000000a40c9fc0,0x00000000a6700000)
 Metaspace       used 83815K, capacity 87876K, committed 88152K, reserved 1126400K
  class space    used 10960K, capacity 11881K, committed 11904K, reserved 1048576K
}

Deoptimization events (10 events):
Event: 3048.070 Thread 0x00000000198ea000 Uncommon trap: reason=unstable_if action=reinterpret pc=0x0000000004c2c774 method=java.lang.ref.SoftReference.get()Ljava/lang/Object; @ 6
Event: 3048.072 Thread 0x00000000198ea000 Uncommon trap: reason=unstable_if action=reinterpret pc=0x00000000038e1934 method=java.lang.ref.SoftReference.get()Ljava/lang/Object; @ 6
Event: 3048.408 Thread 0x00000000198ea000 Uncommon trap: reason=unstable_if action=reinterpret pc=0x0000000003853850 method=java.util.Locale.hashCode()I @ 6
Event: 3048.443 Thread 0x00000000198ea000 Uncommon trap: reason=unstable_if action=reinterpret pc=0x0000000004ca557c method=com.google.protobuf.CodedInputStream.readRawVarint32()I @ 66
Event: 3048.467 Thread 0x00000000198ea000 Uncommon trap: reason=array_check action=maybe_recompile pc=0x00000000056cebd8 method=com.google.common.collect.RegularImmutableMap.fromEntryArray(I[Ljava/util/Map$Entry;)Lcom/google/common/collect/RegularImmutableMap; @ 200
Event: 3048.655 Thread 0x00000000198e8000 Uncommon trap: reason=unstable_if action=reinterpret pc=0x0000000004c210a4 method=com.esotericsoftware.kryo.io.Output.writeBytes([BII)V @ 61
Event: 3048.698 Thread 0x00000000198e8000 Uncommon trap: reason=unstable_if action=reinterpret pc=0x000000000511a82c method=org.slf4j.helpers.MessageFormatter.deeplyAppendParameter(Ljava/lang/StringBuilder;Ljava/lang/Object;Ljava/util/Map;)V @ 1
Event: 3289.132 Thread 0x0000000019805000 Uncommon trap: reason=class_check action=maybe_recompile pc=0x0000000004bce708 method=java.lang.ThreadLocal.set(Ljava/lang/Object;)V @ 26
Event: 3365.424 Thread 0x0000000019806000 Uncommon trap: reason=predicate action=maybe_recompile pc=0x0000000004096844 method=com.google.common.collect.ImmutableSet.construct(I[Ljava/lang/Object;)Lcom/google/common/collect/ImmutableSet; @ 71
Event: 3365.798 Thread 0x0000000019806000 Uncommon trap: reason=unstable_if action=reinterpret pc=0x0000000004056048 method=org.codehaus.groovy.util.ReferenceManager$CallBackedManager.removeStallEntries0(Ljava/lang/ref/ReferenceQueue;)V @ 6

Classes redefined (0 events):
No events

Internal exceptions (10 events):
Event: 3048.655 Thread 0x00000000198e8000 Exception <a 'java/lang/NoSuchMethodError': <clinit>> (0x00000000e5ba8228) thrown at [D:\src\AOSP-openjdk-cygwin\jdk8u\hotspot\src\share\vm\prims\jni.cpp, line 1613]
Event: 3048.660 Thread 0x00000000198e8000 Exception <a 'java/lang/NoSuchMethodError': <clinit>> (0x00000000e5bbafe8) thrown at [D:\src\AOSP-openjdk-cygwin\jdk8u\hotspot\src\share\vm\prims\jni.cpp, line 1613]
Event: 3048.694 Thread 0x00000000198e8800 Exception <a 'java/lang/NoSuchMethodError': <clinit>> (0x00000000e5c177a8) thrown at [D:\src\AOSP-openjdk-cygwin\jdk8u\hotspot\src\share\vm\prims\jni.cpp, line 1613]
Event: 3048.698 Thread 0x00000000198e8000 Implicit null exception at 0x000000000511a359 to 0x000000000511a811
Event: 3365.834 Thread 0x0000000019806000 Exception <a 'java/lang/ClassNotFoundException': sync_local_repo1824_43mzo882morfp78qih9xkfecsBeanInfo> (0x00000000e63e8ee0) thrown at [D:\src\AOSP-openjdk-cygwin\jdk8u\hotspot\src\share\vm\classfile\systemDictionary.cpp, line 210]
Event: 3365.838 Thread 0x0000000019806000 Exception <a 'java/lang/ClassNotFoundException': sync_local_repo1824_43mzo882morfp78qih9xkfecsCustomizer> (0x00000000e63f3760) thrown at [D:\src\AOSP-openjdk-cygwin\jdk8u\hotspot\src\share\vm\classfile\systemDictionary.cpp, line 210]
Event: 3366.732 Thread 0x0000000019806000 Exception <a 'java/lang/ClassNotFoundException': settings_bk9u9o67kfr6jh0tzfrwszv6qBeanInfo> (0x00000000e65c6bf0) thrown at [D:\src\AOSP-openjdk-cygwin\jdk8u\hotspot\src\share\vm\classfile\systemDictionary.cpp, line 210]
Event: 3366.734 Thread 0x0000000019806000 Exception <a 'java/lang/ClassNotFoundException': settings_bk9u9o67kfr6jh0tzfrwszv6qCustomizer> (0x00000000e65d08a0) thrown at [D:\src\AOSP-openjdk-cygwin\jdk8u\hotspot\src\share\vm\classfile\systemDictionary.cpp, line 210]
Event: 3367.213 Thread 0x0000000019806000 Exception <a 'java/lang/ClassNotFoundException': build_9zscq4o2t6strrt6egrmoctxeBeanInfo> (0x00000000e67f5128) thrown at [D:\src\AOSP-openjdk-cygwin\jdk8u\hotspot\src\share\vm\classfile\systemDictionary.cpp, line 210]
Event: 3367.217 Thread 0x0000000019806000 Exception <a 'java/lang/ClassNotFoundException': build_9zscq4o2t6strrt6egrmoctxeCustomizer> (0x00000000e67fe788) thrown at [D:\src\AOSP-openjdk-cygwin\jdk8u\hotspot\src\share\vm\classfile\systemDictionary.cpp, line 210]

Events (10 events):
Event: 3367.271 loading class groovy/runtime/metaclass/build_9zscq4o2t6strrt6egrmoctxe$_run_closure1$_closure2MetaClass
Event: 3367.271 loading class groovy/runtime/metaclass/build_9zscq4o2t6strrt6egrmoctxe$_run_closure1$_closure2MetaClass done
Event: 3367.282 loading class groovy/runtime/metaclass/build_9zscq4o2t6strrt6egrmoctxe$_run_closure1$_closure3MetaClass
Event: 3367.282 loading class groovy/runtime/metaclass/build_9zscq4o2t6strrt6egrmoctxe$_run_closure1$_closure3MetaClass done
Event: 3367.707 Thread 0x0000000019806000 DEOPT PACKING pc=0x00000000058a1464 sp=0x0000000028dda9c0
Event: 3367.709 Thread 0x0000000019806000 DEOPT UNPACKING pc=0x00000000033a75bf sp=0x0000000028dda878 mode 0
Event: 3368.087 Thread 0x0000000019806000 DEOPT PACKING pc=0x0000000003f993b4 sp=0x0000000028dd9960
Event: 3368.087 Thread 0x0000000019806000 DEOPT UNPACKING pc=0x00000000033a75bf sp=0x0000000028dd9708 mode 0
Event: 3368.510 Thread 0x0000000019806000 DEOPT PACKING pc=0x000000000505031b sp=0x0000000028dd8810
Event: 3368.510 Thread 0x0000000019806000 DEOPT UNPACKING pc=0x00000000033a75bf sp=0x0000000028dd8610 mode 0


Dynamic libraries:
0x00007ff7b8920000 - 0x00007ff7b8951000 	C:\Program Files\Android\Android Studio\jre\bin\java.exe
0x00007ff93e0f0000 - 0x00007ff93e2d1000 	C:\WINDOWS\SYSTEM32\ntdll.dll
0x00007ff93ba80000 - 0x00007ff93bb32000 	C:\WINDOWS\System32\KERNEL32.DLL
0x00007ff93ae80000 - 0x00007ff93b0f3000 	C:\WINDOWS\System32\KERNELBASE.dll
0x00007ff93b580000 - 0x00007ff93b621000 	C:\WINDOWS\System32\ADVAPI32.dll
0x00007ff93da20000 - 0x00007ff93dabe000 	C:\WINDOWS\System32\msvcrt.dll
0x00007ff93d480000 - 0x00007ff93d4db000 	C:\WINDOWS\System32\sechost.dll
0x00007ff93be60000 - 0x00007ff93bf84000 	C:\WINDOWS\System32\RPCRT4.dll
0x00007ff93d620000 - 0x00007ff93d7b0000 	C:\WINDOWS\System32\USER32.dll
0x00007ff93b560000 - 0x00007ff93b580000 	C:\WINDOWS\System32\win32u.dll
0x00007ff93d3f0000 - 0x00007ff93d418000 	C:\WINDOWS\System32\GDI32.dll
0x00007ff93b2f0000 - 0x00007ff93b482000 	C:\WINDOWS\System32\gdi32full.dll
0x00007ff93abd0000 - 0x00007ff93ac6f000 	C:\WINDOWS\System32\msvcp_win.dll
0x00007ff93ac70000 - 0x00007ff93ad6a000 	C:\WINDOWS\System32\ucrtbase.dll
0x00007ff92f4a0000 - 0x00007ff92f709000 	C:\WINDOWS\WinSxS\amd64_microsoft.windows.common-controls_6595b64144ccf1df_6.0.17134.407_none_fb449d63306391e9\COMCTL32.dll
0x00007ff93dc10000 - 0x00007ff93df32000 	C:\WINDOWS\System32\combase.dll
0x00007ff93b490000 - 0x00007ff93b50a000 	C:\WINDOWS\System32\bcryptPrimitives.dll
0x00007ff93d890000 - 0x00007ff93d8bd000 	C:\WINDOWS\System32\IMM32.DLL
0x0000000068e30000 - 0x0000000068f02000 	C:\Program Files\Android\Android Studio\jre\jre\bin\msvcr100.dll
0x0000000068f10000 - 0x000000006974e000 	C:\Program Files\Android\Android Studio\jre\jre\bin\server\jvm.dll
0x00007ff93d880000 - 0x00007ff93d888000 	C:\WINDOWS\System32\PSAPI.DLL
0x00007ff936d70000 - 0x00007ff936d79000 	C:\WINDOWS\SYSTEM32\WSOCK32.dll
0x00007ff93bce0000 - 0x00007ff93bd4c000 	C:\WINDOWS\System32\WS2_32.dll
0x00007ff9386c0000 - 0x00007ff9386e3000 	C:\WINDOWS\SYSTEM32\WINMM.dll
0x00007ff931f70000 - 0x00007ff931f7a000 	C:\WINDOWS\SYSTEM32\VERSION.dll
0x00007ff938690000 - 0x00007ff9386ba000 	C:\WINDOWS\SYSTEM32\WINMMBASE.dll
0x00007ff93b510000 - 0x00007ff93b559000 	C:\WINDOWS\System32\cfgmgr32.dll
0x00007ff936d60000 - 0x00007ff936d6f000 	C:\Program Files\Android\Android Studio\jre\jre\bin\verify.dll
0x00007ff934500000 - 0x00007ff934529000 	C:\Program Files\Android\Android Studio\jre\jre\bin\java.dll
0x00007ff9343c0000 - 0x00007ff9343d6000 	C:\Program Files\Android\Android Studio\jre\jre\bin\zip.dll
0x00007ff93bf90000 - 0x00007ff93d3cf000 	C:\WINDOWS\System32\SHELL32.dll
0x00007ff93d570000 - 0x00007ff93d619000 	C:\WINDOWS\System32\shcore.dll
0x00007ff93a4c0000 - 0x00007ff93abcd000 	C:\WINDOWS\System32\windows.storage.dll
0x00007ff93d420000 - 0x00007ff93d471000 	C:\WINDOWS\System32\shlwapi.dll
0x00007ff93a4a0000 - 0x00007ff93a4b1000 	C:\WINDOWS\System32\kernel.appcore.dll
0x00007ff93a480000 - 0x00007ff93a49f000 	C:\WINDOWS\System32\profapi.dll
0x00007ff93a400000 - 0x00007ff93a44c000 	C:\WINDOWS\System32\powrprof.dll
0x00007ff93a450000 - 0x00007ff93a45a000 	C:\WINDOWS\System32\FLTLIB.DLL
0x00007ff9343a0000 - 0x00007ff9343ba000 	C:\Program Files\Android\Android Studio\jre\jre\bin\net.dll
0x00007ff939c20000 - 0x00007ff939c86000 	C:\WINDOWS\system32\mswsock.dll
0x00007ff92e370000 - 0x00007ff92e381000 	C:\Program Files\Android\Android Studio\jre\jre\bin\nio.dll
0x00007ff910940000 - 0x00007ff91095e000 	C:\Users\Admin\.gradle\native\25\windows-amd64\native-platform.dll
0x00007ff9344f0000 - 0x00007ff9344fd000 	C:\Program Files\Android\Android Studio\jre\jre\bin\management.dll
0x00007ff939dd0000 - 0x00007ff939de7000 	C:\WINDOWS\SYSTEM32\CRYPTSP.dll
0x00007ff939800000 - 0x00007ff939833000 	C:\WINDOWS\system32\rsaenh.dll
0x00007ff939f60000 - 0x00007ff939f85000 	C:\WINDOWS\SYSTEM32\bcrypt.dll
0x00007ff93a300000 - 0x00007ff93a328000 	C:\WINDOWS\SYSTEM32\USERENV.dll
0x00007ff939df0000 - 0x00007ff939dfb000 	C:\WINDOWS\SYSTEM32\CRYPTBASE.dll
0x00007ff9399a0000 - 0x00007ff9399d8000 	C:\WINDOWS\SYSTEM32\IPHLPAPI.DLL
0x00007ff93bdb0000 - 0x00007ff93bdb8000 	C:\WINDOWS\System32\NSI.dll
0x00007ff932840000 - 0x00007ff932856000 	C:\WINDOWS\SYSTEM32\dhcpcsvc6.DLL
0x00007ff9329b0000 - 0x00007ff9329ca000 	C:\WINDOWS\SYSTEM32\dhcpcsvc.DLL
0x00007ff9394f0000 - 0x00007ff939521000 	C:\WINDOWS\SYSTEM32\ntmarta.dll
0x00007ff92c050000 - 0x00007ff92c06e000 	C:\Users\Admin\AppData\Local\Temp\native-platform6944177197206318380dir\native-platform.dll

VM Arguments:
jvm_args: -Xmx1536m -Dfile.encoding=windows-1252 -Duser.country=US -Duser.language=en -Duser.variant 
java_command: org.gradle.launcher.daemon.bootstrap.GradleDaemon 4.1
java_class_path (initial): C:\Users\Admin\.gradle\wrapper\dists\gradle-4.1-all\bzyivzo6n839fup2jbap0tjew\gradle-4.1\lib\gradle-launcher-4.1.jar
Launcher Type: SUN_STANDARD

Environment Variables:
JAVA_HOME=C:\Program Files (x86)\Java\jdk1.8.0_151
PATH=C:\ProgramData\Oracle\Java\javapath;C:\WINDOWS\system32;C:\WINDOWS;C:\WINDOWS\System32\Wbem;C:\WINDOWS\System32\WindowsPowerShell\v1.0\;C:\Program Files (x86)\Java\jdk1.8.0_151\bin;C:\Program Files (x86)\Java\jre1.8.0_151\bin;C:\Tools\nodejs\node_modules\npm;C:\Program Files\Git\cmd;C:\Program Files\dotnet\;C:\Program Files\Microsoft SQL Server\130\Tools\Binn\;C:\Program Files\Microsoft SQL Server\Client SDK\ODBC\130\Tools\Binn\;C:\Program Files (x86)\Microsoft SQL Server\140\Tools\Binn\;C:\Program Files\Microsoft SQL Server\140\Tools\Binn\;C:\Program Files\Microsoft SQL Server\140\DTS\Binn\;C:\Tools\apache-maven-3.5.2\bin;C:\Users\Admin\bin\Sencha\Cmd\6.5.3.6;C:\Tools\wildfly-12.0.0.Final\bin;C:\WINDOWS\System32\OpenSSH\;C:\Tools\nodejs\;C:\Users\Admin\AppData\Local\Android\Sdk\platforms;C:\Users\Admin\AppData\Local\Android\Sdk\platform-tools;C:\Gradle\gradle-4.10.2\bin;C:\Users\Admin\AppData\Local\Microsoft\WindowsApps;C:\Users\Admin\AppData\Local\GitHubDesktop\bin;C:\Users\Admin\AppData\Local\Microsoft\WindowsApps;C:\Users\Admin\AppData\Roaming\npm;C:\Program Files\heroku\bin;C:\Users\Admin\AppData\Local\Programs\Microsoft VS Code\bin
USERNAME=Admin
OS=Windows_NT
PROCESSOR_IDENTIFIER=Intel64 Family 6 Model 42 Stepping 7, GenuineIntel



---------------  S Y S T E M  ---------------

OS: Windows 10.0 , 64 bit Build 17134 (10.0.17134.1)

CPU:total 4 (initial active 4) (2 cores per cpu, 2 threads per core) family 6 model 42 stepping 7, cmov, cx8, fxsr, mmx, sse, sse2, sse3, ssse3, sse4.1, sse4.2, popcnt, avx, aes, clmul, ht, tsc, tscinvbit

Memory: 4k page, physical 4086480k(349348k free), swap 6735788k(4908k free)

vm_info: OpenJDK 64-Bit Server VM (25.152-b01) for windows-amd64 JRE (1.8.0_152-release-915-b01), built by "builder" with MS VC++ 10.0 (VS2010)

time: Sun Nov 18 17:36:36 2018
elapsed time: 3368 seconds (0d 0h 56m 8s)

